<?xml version="1.0" encoding="UTF-8"?>
<!-- Generated by org.testng.reporters.JUnitReportReporter -->
<testsuite hostname="DESKTOP-IC9DQ3D" failures="0" tests="1" name="ITW_BO_MyBrands_FilterFunctionality_Testcases.TC_021_Co_BO_Specific_CO_BO" time="33.805" errors="0" timestamp="2024-09-29T19:14:58 IST" skipped="0">
  <testcase classname="ITW_BO_MyBrands_FilterFunctionality_Testcases.TC_021_Co_BO_Specific_CO_BO" name="SpecificCo_BO_Test" time="33.805"/>
  <system-out/>
</testsuite> <!-- ITW_BO_MyBrands_FilterFunctionality_Testcases.TC_021_Co_BO_Specific_CO_BO -->
