<?xml version="1.0" encoding="UTF-8"?>
<!-- Generated by org.testng.reporters.JUnitReportReporter -->
<testsuite hostname="DESKTOP-IC9DQ3D" failures="0" tests="1" name="ITW_Testcases.ITW_004_SpecificCity" time="38.353" errors="0" timestamp="2024-09-25T12:20:02 IST" skipped="0">
  <testcase classname="ITW_Testcases.ITW_004_SpecificCity" name="SpecificCityTest" time="38.353"/>
  <system-out/>
</testsuite> <!-- ITW_Testcases.ITW_004_SpecificCity -->
