<?xml version="1.0" encoding="UTF-8"?>
<!-- Generated by org.testng.reporters.JUnitReportReporter -->
<testsuite hostname="DESKTOP-IC9DQ3D" failures="0" tests="1" name="ITW_BO_MyBrands_FilterFunctionality_Testcases.TC_033_PCD_NO" time="29.009" errors="0" timestamp="2024-09-29T19:14:57 IST" skipped="0">
  <testcase classname="ITW_BO_MyBrands_FilterFunctionality_Testcases.TC_033_PCD_NO" name="PCD_NoOpt_Test" time="29.009"/>
  <system-out/>
</testsuite> <!-- ITW_BO_MyBrands_FilterFunctionality_Testcases.TC_033_PCD_NO -->
