<?xml version="1.0" encoding="UTF-8"?>
<!-- Generated by org.testng.reporters.JUnitReportReporter -->
<testsuite hostname="DESKTOP-IC9DQ3D" failures="0" tests="1" name="ITW_BO_MyBrands_FilterFunctionality_Testcases.TC_016_Ind_Cat_InvalidSearchQuery" time="35.371" errors="0" timestamp="2024-09-29T19:14:57 IST" skipped="0">
  <testcase classname="ITW_BO_MyBrands_FilterFunctionality_Testcases.TC_016_Ind_Cat_InvalidSearchQuery" name="InvalidSearchTest" time="35.371"/>
  <system-out/>
</testsuite> <!-- ITW_BO_MyBrands_FilterFunctionality_Testcases.TC_016_Ind_Cat_InvalidSearchQuery -->
