<?xml version="1.0" encoding="UTF-8"?>
<!-- Generated by org.testng.reporters.JUnitReportReporter -->
<testsuite hostname="DESKTOP-IC9DQ3D" failures="0" tests="1" name="ITW_Testcases.TC_006_MultipleRegions" time="35.685" errors="0" timestamp="2024-09-25T12:30:01 IST" skipped="0">
  <testcase classname="ITW_Testcases.TC_006_MultipleRegions" name="MultipleRegionsTest" time="35.685"/>
  <system-out/>
</testsuite> <!-- ITW_Testcases.TC_006_MultipleRegions -->
