<?xml version="1.0" encoding="UTF-8"?>
<!-- Generated by org.testng.reporters.JUnitReportReporter -->
<testsuite hostname="DESKTOP-IC9DQ3D" failures="0" tests="1" name="ITW_BO_MyBrands_FilterFunctionality_Testcases.TC_012_SpecificIndustry" time="35.176" errors="0" timestamp="2024-09-29T19:14:57 IST" skipped="0">
  <testcase classname="ITW_BO_MyBrands_FilterFunctionality_Testcases.TC_012_SpecificIndustry" name="SelectSpecificIndustry" time="35.176"/>
  <system-out/>
</testsuite> <!-- ITW_BO_MyBrands_FilterFunctionality_Testcases.TC_012_SpecificIndustry -->
